Determining if the jack_port_rename exist failed with the following output:
Change Dir: /Users/jkilgore/Projects/EmissionControlPort/dsp/test/CMakeFiles/CMakeTmp

Run Build Command(s):/usr/bin/xcodebuild -project CMAKE_TRY_COMPILE.xcodeproj build -target cmTC_dd109 -configuration Debug -hideShellScriptEnvironment && User defaults from command line:
    HideShellScriptEnvironment = YES

Prepare build
note: Using legacy build system
=== BUILD TARGET cmTC_dd109 OF PROJECT CMAKE_TRY_COMPILE WITH CONFIGURATION Debug ===

Check dependencies

Write auxiliary files
/bin/mkdir -p /Users/jkilgore/Projects/EmissionControlPort/dsp/test/CMakeFiles/CMakeTmp/CMAKE_TRY_COMPILE.build/Debug/cmTC_dd109.build/Objects-normal/x86_64
write-file /Users/jkilgore/Projects/EmissionControlPort/dsp/test/CMakeFiles/CMakeTmp/CMAKE_TRY_COMPILE.build/Debug/cmTC_dd109.build/Objects-normal/x86_64/cmTC_dd109.LinkFileList

CompileC CMAKE_TRY_COMPILE.build/Debug/cmTC_dd109.build/Objects-normal/x86_64/CheckSymbolExists.o CheckSymbolExists.c normal x86_64 c com.apple.compilers.llvm.clang.1_0.compiler
    cd /Users/jkilgore/Projects/EmissionControlPort/dsp/test/CMakeFiles/CMakeTmp
    /Applications/Xcode.app/Contents/Developer/Toolchains/XcodeDefault.xctoolchain/usr/bin/clang -x c -target x86_64-apple-macos10.14 -fmessage-length=0 -fdiagnostics-show-note-include-stack -fmacro-backtrace-limit=0 -Wno-trigraphs -fpascal-strings -O0 -Wno-missing-field-initializers -Wno-missing-prototypes -Wno-return-type -Wno-missing-braces -Wparentheses -Wswitch -Wno-unused-function -Wno-unused-label -Wno-unused-parameter -Wno-unused-variable -Wunused-value -Wno-empty-body -Wno-uninitialized -Wno-unknown-pragmas -Wno-shadow -Wno-four-char-constants -Wno-conversion -Wno-constant-conversion -Wno-int-conversion -Wno-bool-conversion -Wno-enum-conversion -Wno-float-conversion -Wno-non-literal-null-conversion -Wno-objc-literal-conversion -Wno-shorten-64-to-32 -Wpointer-sign -Wno-newline-eof -DCMAKE_INTDIR=\"Debug\" -isysroot /Applications/Xcode.app/Contents/Developer/Platforms/MacOSX.platform/Developer/SDKs/MacOSX10.15.sdk -fasm-blocks -fstrict-aliasing -Wdeprecated-declarations -g -Wno-sign-conversion -Wno-infinite-recursion -Wno-comma -Wno-block-capture-autoreleasing -Wno-strict-prototypes -Wno-semicolon-before-method-body -I/Users/jkilgore/Projects/EmissionControlPort/dsp/test/CMakeFiles/CMakeTmp/Debug/include -I/Users/jkilgore/Projects/EmissionControlPort/dsp/test/CMakeFiles/CMakeTmp/CMAKE_TRY_COMPILE.build/Debug/cmTC_dd109.build/DerivedSources-normal/x86_64 -I/Users/jkilgore/Projects/EmissionControlPort/dsp/test/CMakeFiles/CMakeTmp/CMAKE_TRY_COMPILE.build/Debug/cmTC_dd109.build/DerivedSources/x86_64 -I/Users/jkilgore/Projects/EmissionControlPort/dsp/test/CMakeFiles/CMakeTmp/CMAKE_TRY_COMPILE.build/Debug/cmTC_dd109.build/DerivedSources -Wmost -Wno-four-char-constants -Wno-unknown-pragmas -F/Users/jkilgore/Projects/EmissionControlPort/dsp/test/CMakeFiles/CMakeTmp/Debug -MMD -MT dependencies -MF /Users/jkilgore/Projects/EmissionControlPort/dsp/test/CMakeFiles/CMakeTmp/CMAKE_TRY_COMPILE.build/Debug/cmTC_dd109.build/Objects-normal/x86_64/CheckSymbolExists.d --serialize-diagnostics /Users/jkilgore/Projects/EmissionControlPort/dsp/test/CMakeFiles/CMakeTmp/CMAKE_TRY_COMPILE.build/Debug/cmTC_dd109.build/Objects-normal/x86_64/CheckSymbolExists.dia -c /Users/jkilgore/Projects/EmissionControlPort/dsp/test/CMakeFiles/CMakeTmp/CheckSymbolExists.c -o /Users/jkilgore/Projects/EmissionControlPort/dsp/test/CMakeFiles/CMakeTmp/CMAKE_TRY_COMPILE.build/Debug/cmTC_dd109.build/Objects-normal/x86_64/CheckSymbolExists.o
In file included from /Users/jkilgore/Projects/EmissionControlPort/dsp/test/CMakeFiles/CMakeTmp/CheckSymbolExists.c:2:
/usr/local/include/jack/jack.h:29:10: fatal error: 'jack/systemdeps.h' file not found
#include <jack/systemdeps.h>
         ^~~~~~~~~~~~~~~~~~~
1 error generated.

** BUILD FAILED **


The following build commands failed:
	CompileC CMAKE_TRY_COMPILE.build/Debug/cmTC_dd109.build/Objects-normal/x86_64/CheckSymbolExists.o CheckSymbolExists.c normal x86_64 c com.apple.compilers.llvm.clang.1_0.compiler
(1 failure)


File /Users/jkilgore/Projects/EmissionControlPort/dsp/test/CMakeFiles/CMakeTmp/CheckSymbolExists.c:
/* */
#include </usr/local/include/jack/jack.h>

int main(int argc, char** argv)
{
  (void)argv;
#ifndef jack_port_rename
  return ((int*)(&jack_port_rename))[argc];
#else
  (void)argc;
  return 0;
#endif
}

Performing C SOURCE FILE Test CPU_CLIPS_POSITIVE failed with the following compile output:
Change Dir: /Users/jkilgore/Projects/EmissionControlPort/dsp/test/CMakeFiles/CMakeTmp

Run Build Command(s):/usr/bin/xcodebuild -project CMAKE_TRY_COMPILE.xcodeproj build -target cmTC_63d43 -configuration Debug -hideShellScriptEnvironment && User defaults from command line:
    HideShellScriptEnvironment = YES

Prepare build
note: Using legacy build system
=== BUILD TARGET cmTC_63d43 OF PROJECT CMAKE_TRY_COMPILE WITH CONFIGURATION Debug ===

Check dependencies

Write auxiliary files
/bin/mkdir -p /Users/jkilgore/Projects/EmissionControlPort/dsp/test/CMakeFiles/CMakeTmp/CMAKE_TRY_COMPILE.build/Debug/cmTC_63d43.build/Objects-normal/x86_64
write-file /Users/jkilgore/Projects/EmissionControlPort/dsp/test/CMakeFiles/CMakeTmp/CMAKE_TRY_COMPILE.build/Debug/cmTC_63d43.build/Objects-normal/x86_64/cmTC_63d43.LinkFileList

CompileC CMAKE_TRY_COMPILE.build/Debug/cmTC_63d43.build/Objects-normal/x86_64/src.o src.c normal x86_64 c com.apple.compilers.llvm.clang.1_0.compiler
    cd /Users/jkilgore/Projects/EmissionControlPort/dsp/test/CMakeFiles/CMakeTmp
    /Applications/Xcode.app/Contents/Developer/Toolchains/XcodeDefault.xctoolchain/usr/bin/clang -x c -target x86_64-apple-macos10.14 -fmessage-length=0 -fdiagnostics-show-note-include-stack -fmacro-backtrace-limit=0 -Wno-trigraphs -fpascal-strings -O0 -Wno-missing-field-initializers -Wno-missing-prototypes -Wno-return-type -Wno-missing-braces -Wparentheses -Wswitch -Wno-unused-function -Wno-unused-label -Wno-unused-parameter -Wno-unused-variable -Wunused-value -Wno-empty-body -Wno-uninitialized -Wno-unknown-pragmas -Wno-shadow -Wno-four-char-constants -Wno-conversion -Wno-constant-conversion -Wno-int-conversion -Wno-bool-conversion -Wno-enum-conversion -Wno-float-conversion -Wno-non-literal-null-conversion -Wno-objc-literal-conversion -Wno-shorten-64-to-32 -Wpointer-sign -Wno-newline-eof -DCMAKE_INTDIR=\"Debug\" -isysroot /Applications/Xcode.app/Contents/Developer/Platforms/MacOSX.platform/Developer/SDKs/MacOSX10.15.sdk -fasm-blocks -fstrict-aliasing -Wdeprecated-declarations -g -Wno-sign-conversion -Wno-infinite-recursion -Wno-comma -Wno-block-capture-autoreleasing -Wno-strict-prototypes -Wno-semicolon-before-method-body -I/Users/jkilgore/Projects/EmissionControlPort/dsp/test/CMakeFiles/CMakeTmp/Debug/include -I/Users/jkilgore/Projects/EmissionControlPort/dsp/test/CMakeFiles/CMakeTmp/CMAKE_TRY_COMPILE.build/Debug/cmTC_63d43.build/DerivedSources-normal/x86_64 -I/Users/jkilgore/Projects/EmissionControlPort/dsp/test/CMakeFiles/CMakeTmp/CMAKE_TRY_COMPILE.build/Debug/cmTC_63d43.build/DerivedSources/x86_64 -I/Users/jkilgore/Projects/EmissionControlPort/dsp/test/CMakeFiles/CMakeTmp/CMAKE_TRY_COMPILE.build/Debug/cmTC_63d43.build/DerivedSources -Wmost -Wno-four-char-constants -Wno-unknown-pragmas -F/Users/jkilgore/Projects/EmissionControlPort/dsp/test/CMakeFiles/CMakeTmp/Debug -DCPU_CLIPS_POSITIVE -MMD -MT dependencies -MF /Users/jkilgore/Projects/EmissionControlPort/dsp/test/CMakeFiles/CMakeTmp/CMAKE_TRY_COMPILE.build/Debug/cmTC_63d43.build/Objects-normal/x86_64/src.d --serialize-diagnostics /Users/jkilgore/Projects/EmissionControlPort/dsp/test/CMakeFiles/CMakeTmp/CMAKE_TRY_COMPILE.build/Debug/cmTC_63d43.build/Objects-normal/x86_64/src.dia -c /Users/jkilgore/Projects/EmissionControlPort/dsp/test/CMakeFiles/CMakeTmp/src.c -o /Users/jkilgore/Projects/EmissionControlPort/dsp/test/CMakeFiles/CMakeTmp/CMAKE_TRY_COMPILE.build/Debug/cmTC_63d43.build/Objects-normal/x86_64/src.o

Ld Debug/cmTC_63d43 normal x86_64
    cd /Users/jkilgore/Projects/EmissionControlPort/dsp/test/CMakeFiles/CMakeTmp
    /Applications/Xcode.app/Contents/Developer/Toolchains/XcodeDefault.xctoolchain/usr/bin/clang -target x86_64-apple-macos10.14 -isysroot /Applications/Xcode.app/Contents/Developer/Platforms/MacOSX.platform/Developer/SDKs/MacOSX10.15.sdk -L/Users/jkilgore/Projects/EmissionControlPort/dsp/test/CMakeFiles/CMakeTmp/Debug -F/Users/jkilgore/Projects/EmissionControlPort/dsp/test/CMakeFiles/CMakeTmp/Debug -filelist /Users/jkilgore/Projects/EmissionControlPort/dsp/test/CMakeFiles/CMakeTmp/CMAKE_TRY_COMPILE.build/Debug/cmTC_63d43.build/Objects-normal/x86_64/cmTC_63d43.LinkFileList -Xlinker -object_path_lto -Xlinker /Users/jkilgore/Projects/EmissionControlPort/dsp/test/CMakeFiles/CMakeTmp/CMAKE_TRY_COMPILE.build/Debug/cmTC_63d43.build/Objects-normal/x86_64/cmTC_63d43_lto.o -Xlinker -no_deduplicate -Wl,-search_paths_first -Wl,-headerpad_max_install_names /usr/lib/libm.dylib -Xlinker -dependency_info -Xlinker /Users/jkilgore/Projects/EmissionControlPort/dsp/test/CMakeFiles/CMakeTmp/CMAKE_TRY_COMPILE.build/Debug/cmTC_63d43.build/Objects-normal/x86_64/cmTC_63d43_dependency_info.dat -o /Users/jkilgore/Projects/EmissionControlPort/dsp/test/CMakeFiles/CMakeTmp/Debug/cmTC_63d43

ProcessProductPackaging "" CMAKE_TRY_COMPILE.build/Debug/cmTC_63d43.build/cmTC_63d43.xcent
    cd /Users/jkilgore/Projects/EmissionControlPort/dsp/test/CMakeFiles/CMakeTmp
    

Entitlements:

{
    "com.apple.security.get-task-allow" = 1;
}


    builtin-productPackagingUtility -entitlements -format xml -o /Users/jkilgore/Projects/EmissionControlPort/dsp/test/CMakeFiles/CMakeTmp/CMAKE_TRY_COMPILE.build/Debug/cmTC_63d43.build/cmTC_63d43.xcent

CodeSign Debug/cmTC_63d43
    cd /Users/jkilgore/Projects/EmissionControlPort/dsp/test/CMakeFiles/CMakeTmp
    
Signing Identity:     "-"

    /usr/bin/codesign --force --sign - --entitlements /Users/jkilgore/Projects/EmissionControlPort/dsp/test/CMakeFiles/CMakeTmp/CMAKE_TRY_COMPILE.build/Debug/cmTC_63d43.build/cmTC_63d43.xcent --timestamp=none /Users/jkilgore/Projects/EmissionControlPort/dsp/test/CMakeFiles/CMakeTmp/Debug/cmTC_63d43

** BUILD SUCCEEDED **



...and run output:

Return value: 1
Source file was:

        #include <math.h>
        int main (void)
        {   double  fval ;
            int k, ival ;

            fval = 1.0 * 0x7FFFFFFF ;
            for (k = 0 ; k < 100 ; k++)
            {   ival = (lrint (fval)) >> 24 ;
                if (ival != 127)
                    return 1 ;

                fval *= 1.2499999 ;
                } ;

                return 0 ;
            }
        
Performing C SOURCE FILE Test CPU_CLIPS_NEGATIVE failed with the following compile output:
Change Dir: /Users/jkilgore/Projects/EmissionControlPort/dsp/test/CMakeFiles/CMakeTmp

Run Build Command(s):/usr/bin/xcodebuild -project CMAKE_TRY_COMPILE.xcodeproj build -target cmTC_c70ba -configuration Debug -hideShellScriptEnvironment && User defaults from command line:
    HideShellScriptEnvironment = YES

Prepare build
note: Using legacy build system
=== BUILD TARGET cmTC_c70ba OF PROJECT CMAKE_TRY_COMPILE WITH CONFIGURATION Debug ===

Check dependencies

Write auxiliary files
/bin/mkdir -p /Users/jkilgore/Projects/EmissionControlPort/dsp/test/CMakeFiles/CMakeTmp/CMAKE_TRY_COMPILE.build/Debug/cmTC_c70ba.build/Objects-normal/x86_64
write-file /Users/jkilgore/Projects/EmissionControlPort/dsp/test/CMakeFiles/CMakeTmp/CMAKE_TRY_COMPILE.build/Debug/cmTC_c70ba.build/Objects-normal/x86_64/cmTC_c70ba.LinkFileList

CompileC CMAKE_TRY_COMPILE.build/Debug/cmTC_c70ba.build/Objects-normal/x86_64/src.o src.c normal x86_64 c com.apple.compilers.llvm.clang.1_0.compiler
    cd /Users/jkilgore/Projects/EmissionControlPort/dsp/test/CMakeFiles/CMakeTmp
    /Applications/Xcode.app/Contents/Developer/Toolchains/XcodeDefault.xctoolchain/usr/bin/clang -x c -target x86_64-apple-macos10.14 -fmessage-length=0 -fdiagnostics-show-note-include-stack -fmacro-backtrace-limit=0 -Wno-trigraphs -fpascal-strings -O0 -Wno-missing-field-initializers -Wno-missing-prototypes -Wno-return-type -Wno-missing-braces -Wparentheses -Wswitch -Wno-unused-function -Wno-unused-label -Wno-unused-parameter -Wno-unused-variable -Wunused-value -Wno-empty-body -Wno-uninitialized -Wno-unknown-pragmas -Wno-shadow -Wno-four-char-constants -Wno-conversion -Wno-constant-conversion -Wno-int-conversion -Wno-bool-conversion -Wno-enum-conversion -Wno-float-conversion -Wno-non-literal-null-conversion -Wno-objc-literal-conversion -Wno-shorten-64-to-32 -Wpointer-sign -Wno-newline-eof -DCMAKE_INTDIR=\"Debug\" -isysroot /Applications/Xcode.app/Contents/Developer/Platforms/MacOSX.platform/Developer/SDKs/MacOSX10.15.sdk -fasm-blocks -fstrict-aliasing -Wdeprecated-declarations -g -Wno-sign-conversion -Wno-infinite-recursion -Wno-comma -Wno-block-capture-autoreleasing -Wno-strict-prototypes -Wno-semicolon-before-method-body -I/Users/jkilgore/Projects/EmissionControlPort/dsp/test/CMakeFiles/CMakeTmp/Debug/include -I/Users/jkilgore/Projects/EmissionControlPort/dsp/test/CMakeFiles/CMakeTmp/CMAKE_TRY_COMPILE.build/Debug/cmTC_c70ba.build/DerivedSources-normal/x86_64 -I/Users/jkilgore/Projects/EmissionControlPort/dsp/test/CMakeFiles/CMakeTmp/CMAKE_TRY_COMPILE.build/Debug/cmTC_c70ba.build/DerivedSources/x86_64 -I/Users/jkilgore/Projects/EmissionControlPort/dsp/test/CMakeFiles/CMakeTmp/CMAKE_TRY_COMPILE.build/Debug/cmTC_c70ba.build/DerivedSources -Wmost -Wno-four-char-constants -Wno-unknown-pragmas -F/Users/jkilgore/Projects/EmissionControlPort/dsp/test/CMakeFiles/CMakeTmp/Debug -DCPU_CLIPS_NEGATIVE -MMD -MT dependencies -MF /Users/jkilgore/Projects/EmissionControlPort/dsp/test/CMakeFiles/CMakeTmp/CMAKE_TRY_COMPILE.build/Debug/cmTC_c70ba.build/Objects-normal/x86_64/src.d --serialize-diagnostics /Users/jkilgore/Projects/EmissionControlPort/dsp/test/CMakeFiles/CMakeTmp/CMAKE_TRY_COMPILE.build/Debug/cmTC_c70ba.build/Objects-normal/x86_64/src.dia -c /Users/jkilgore/Projects/EmissionControlPort/dsp/test/CMakeFiles/CMakeTmp/src.c -o /Users/jkilgore/Projects/EmissionControlPort/dsp/test/CMakeFiles/CMakeTmp/CMAKE_TRY_COMPILE.build/Debug/cmTC_c70ba.build/Objects-normal/x86_64/src.o

Ld Debug/cmTC_c70ba normal x86_64
    cd /Users/jkilgore/Projects/EmissionControlPort/dsp/test/CMakeFiles/CMakeTmp
    /Applications/Xcode.app/Contents/Developer/Toolchains/XcodeDefault.xctoolchain/usr/bin/clang -target x86_64-apple-macos10.14 -isysroot /Applications/Xcode.app/Contents/Developer/Platforms/MacOSX.platform/Developer/SDKs/MacOSX10.15.sdk -L/Users/jkilgore/Projects/EmissionControlPort/dsp/test/CMakeFiles/CMakeTmp/Debug -F/Users/jkilgore/Projects/EmissionControlPort/dsp/test/CMakeFiles/CMakeTmp/Debug -filelist /Users/jkilgore/Projects/EmissionControlPort/dsp/test/CMakeFiles/CMakeTmp/CMAKE_TRY_COMPILE.build/Debug/cmTC_c70ba.build/Objects-normal/x86_64/cmTC_c70ba.LinkFileList -Xlinker -object_path_lto -Xlinker /Users/jkilgore/Projects/EmissionControlPort/dsp/test/CMakeFiles/CMakeTmp/CMAKE_TRY_COMPILE.build/Debug/cmTC_c70ba.build/Objects-normal/x86_64/cmTC_c70ba_lto.o -Xlinker -no_deduplicate -Wl,-search_paths_first -Wl,-headerpad_max_install_names /usr/lib/libm.dylib -Xlinker -dependency_info -Xlinker /Users/jkilgore/Projects/EmissionControlPort/dsp/test/CMakeFiles/CMakeTmp/CMAKE_TRY_COMPILE.build/Debug/cmTC_c70ba.build/Objects-normal/x86_64/cmTC_c70ba_dependency_info.dat -o /Users/jkilgore/Projects/EmissionControlPort/dsp/test/CMakeFiles/CMakeTmp/Debug/cmTC_c70ba

ProcessProductPackaging "" CMAKE_TRY_COMPILE.build/Debug/cmTC_c70ba.build/cmTC_c70ba.xcent
    cd /Users/jkilgore/Projects/EmissionControlPort/dsp/test/CMakeFiles/CMakeTmp
    

Entitlements:

{
    "com.apple.security.get-task-allow" = 1;
}


    builtin-productPackagingUtility -entitlements -format xml -o /Users/jkilgore/Projects/EmissionControlPort/dsp/test/CMakeFiles/CMakeTmp/CMAKE_TRY_COMPILE.build/Debug/cmTC_c70ba.build/cmTC_c70ba.xcent

CodeSign Debug/cmTC_c70ba
    cd /Users/jkilgore/Projects/EmissionControlPort/dsp/test/CMakeFiles/CMakeTmp
    
Signing Identity:     "-"

    /usr/bin/codesign --force --sign - --entitlements /Users/jkilgore/Projects/EmissionControlPort/dsp/test/CMakeFiles/CMakeTmp/CMAKE_TRY_COMPILE.build/Debug/cmTC_c70ba.build/cmTC_c70ba.xcent --timestamp=none /Users/jkilgore/Projects/EmissionControlPort/dsp/test/CMakeFiles/CMakeTmp/Debug/cmTC_c70ba

** BUILD SUCCEEDED **



...and run output:

Return value: 1
Source file was:

        #include <math.h>
        int main (void)
        {   double  fval ;
            int k, ival ;

            fval = -8.0 * 0x10000000 ;
            for (k = 0 ; k < 100 ; k++)
            {   ival = (lrint (fval)) >> 24 ;
                if (ival != -128)
                    return 1 ;

                fval *= 1.2499999 ;
                } ;

                return 0 ;
            }
        
